2020-12-21 17:43:00,188 [Worker-6: Loading available Gradle versions] INFO  o.e.b.c.i.u.g.PublishedGradleVersions - Gradle version information cache is up-to-date. Trying to read.
2020-12-21 17:44:28,832 [Worker-24: Creating project "DomKultury"] INFO  o.e.m.c.i.l.LifecycleMappingFactory - Using org.eclipse.m2e.jdt.JarLifecycleMapping lifecycle mapping for MavenProject: bdbt_proj:DomKultury:0.0.1-SNAPSHOT @ D:\semestr3\bazy\proj\projJava\DomKultury\pom.xml.
2020-12-21 17:44:29,169 [Worker-24: Creating project "DomKultury"] INFO  o.e.m.j.i.AbstractJavaProjectConfigurator - Adding source folder /DomKultury/src/main/java
2020-12-21 17:44:29,172 [Worker-24: Creating project "DomKultury"] INFO  o.e.m.j.i.AbstractJavaProjectConfigurator - Adding resource folder /DomKultury/src/main/resources
2020-12-21 17:44:29,172 [Worker-24: Creating project "DomKultury"] INFO  o.e.m.j.i.AbstractJavaProjectConfigurator - Adding source folder /DomKultury/src/test/java
2020-12-21 17:44:29,173 [Worker-24: Creating project "DomKultury"] INFO  o.e.m.j.i.AbstractJavaProjectConfigurator - Adding resource folder /DomKultury/src/test/resources
2020-12-21 17:44:30,153 [Worker-11: Building] WARN  o.e.m.c.i.embedder.EclipseLogger - Using platform encoding (Cp1250 actually) to copy filtered resources, i.e. build is platform dependent!
2020-12-21 17:44:30,164 [Worker-11: Building] INFO  o.e.m.c.i.embedder.EclipseLogger - Copying 0 resource
2020-12-21 17:44:30,166 [Worker-11: Building] WARN  o.e.m.c.i.embedder.EclipseLogger - Using platform encoding (Cp1250 actually) to copy filtered resources, i.e. build is platform dependent!
2020-12-21 17:44:30,174 [Worker-11: Building] INFO  o.e.m.c.i.embedder.EclipseLogger - Copying 0 resource
2020-12-21 17:45:54,158 [Worker-7: Loading available Gradle versions] INFO  o.e.b.c.i.u.g.PublishedGradleVersions - Gradle version information cache is up-to-date. Trying to read.
2020-12-21 17:46:52,425 [Worker-16: Building] INFO  o.e.m.c.i.l.LifecycleMappingFactory - Using org.eclipse.m2e.jdt.JarLifecycleMapping lifecycle mapping for MavenProject: bdbt_proj:DomKultury:0.0.1-SNAPSHOT @ D:\semestr3\bazy\proj\projJava\DomKultury\pom.xml.
2020-12-21 17:46:52,915 [Worker-16: Building] WARN  o.e.m.c.i.embedder.EclipseLogger - Using platform encoding (Cp1250 actually) to copy filtered resources, i.e. build is platform dependent!
2020-12-21 17:46:52,924 [Worker-16: Building] INFO  o.e.m.c.i.embedder.EclipseLogger - Copying 0 resource
2020-12-21 17:46:52,925 [Worker-16: Building] WARN  o.e.m.c.i.embedder.EclipseLogger - Using platform encoding (Cp1250 actually) to copy filtered resources, i.e. build is platform dependent!
2020-12-21 17:46:52,930 [Worker-16: Building] INFO  o.e.m.c.i.embedder.EclipseLogger - Copying 0 resource
2020-12-21 17:46:58,814 [Worker-1: Updating Maven Project] INFO  o.e.m.c.i.p.ProjectConfigurationManager - Update started
2020-12-21 17:46:59,313 [Worker-1: Updating Maven Project] INFO  o.e.m.c.i.l.LifecycleMappingFactory - Using org.eclipse.m2e.jdt.JarLifecycleMapping lifecycle mapping for MavenProject: bdbt_proj:DomKultury:0.0.1-SNAPSHOT @ D:\semestr3\bazy\proj\projJava\DomKultury\pom.xml.
2020-12-21 17:46:59,562 [Worker-1: Updating Maven Project] INFO  o.e.m.j.i.AbstractJavaProjectConfigurator - Adding source folder /DomKultury/src/main/java
2020-12-21 17:46:59,563 [Worker-1: Updating Maven Project] INFO  o.e.m.j.i.AbstractJavaProjectConfigurator - Adding resource folder /DomKultury/src/main/resources
2020-12-21 17:46:59,563 [Worker-1: Updating Maven Project] INFO  o.e.m.j.i.AbstractJavaProjectConfigurator - Adding source folder /DomKultury/src/test/java
2020-12-21 17:46:59,563 [Worker-1: Updating Maven Project] INFO  o.e.m.j.i.AbstractJavaProjectConfigurator - Adding resource folder /DomKultury/src/test/resources
2020-12-21 17:46:59,684 [Worker-1: Updating Maven Project] INFO  o.e.m.c.i.p.ProjectConfigurationManager - Update completed: 0 sec
2020-12-21 17:46:59,982 [Worker-3: Building] WARN  o.e.m.c.i.embedder.EclipseLogger - Using platform encoding (Cp1250 actually) to copy filtered resources, i.e. build is platform dependent!
2020-12-21 17:46:59,988 [Worker-3: Building] INFO  o.e.m.c.i.embedder.EclipseLogger - Copying 0 resource
2020-12-21 17:46:59,990 [Worker-3: Building] WARN  o.e.m.c.i.embedder.EclipseLogger - Using platform encoding (Cp1250 actually) to copy filtered resources, i.e. build is platform dependent!
2020-12-21 17:46:59,995 [Worker-3: Building] INFO  o.e.m.c.i.embedder.EclipseLogger - Copying 0 resource
2020-12-21 17:48:02,897 [Worker-15: Building] WARN  o.e.m.c.i.embedder.EclipseLogger - Using platform encoding (Cp1250 actually) to copy filtered resources, i.e. build is platform dependent!
2020-12-21 17:48:02,907 [Worker-15: Building] INFO  o.e.m.c.i.embedder.EclipseLogger - Copying 0 resource
2020-12-21 17:48:02,908 [Worker-15: Building] WARN  o.e.m.c.i.embedder.EclipseLogger - Using platform encoding (Cp1250 actually) to copy filtered resources, i.e. build is platform dependent!
2020-12-21 17:48:02,915 [Worker-15: Building] INFO  o.e.m.c.i.embedder.EclipseLogger - Copying 0 resource
2020-12-21 17:48:07,922 [Worker-17: Building] WARN  o.e.m.c.i.embedder.EclipseLogger - Using platform encoding (Cp1250 actually) to copy filtered resources, i.e. build is platform dependent!
2020-12-21 17:48:07,927 [Worker-17: Building] INFO  o.e.m.c.i.embedder.EclipseLogger - Copying 0 resource
2020-12-21 17:48:07,928 [Worker-17: Building] WARN  o.e.m.c.i.embedder.EclipseLogger - Using platform encoding (Cp1250 actually) to copy filtered resources, i.e. build is platform dependent!
2020-12-21 17:48:07,933 [Worker-17: Building] INFO  o.e.m.c.i.embedder.EclipseLogger - Copying 0 resource
2020-12-21 17:48:11,324 [Worker-9: Building] WARN  o.e.m.c.i.embedder.EclipseLogger - Using platform encoding (Cp1250 actually) to copy filtered resources, i.e. build is platform dependent!
2020-12-21 17:48:11,329 [Worker-9: Building] INFO  o.e.m.c.i.embedder.EclipseLogger - Copying 0 resource
2020-12-21 17:48:11,330 [Worker-9: Building] WARN  o.e.m.c.i.embedder.EclipseLogger - Using platform encoding (Cp1250 actually) to copy filtered resources, i.e. build is platform dependent!
2020-12-21 17:48:11,334 [Worker-9: Building] INFO  o.e.m.c.i.embedder.EclipseLogger - Copying 0 resource
2020-12-21 17:48:35,691 [Worker-1: Building] WARN  o.e.m.c.i.embedder.EclipseLogger - Using platform encoding (Cp1250 actually) to copy filtered resources, i.e. build is platform dependent!
2020-12-21 17:48:35,696 [Worker-1: Building] INFO  o.e.m.c.i.embedder.EclipseLogger - Copying 0 resource
2020-12-21 17:48:35,697 [Worker-1: Building] WARN  o.e.m.c.i.embedder.EclipseLogger - Using platform encoding (Cp1250 actually) to copy filtered resources, i.e. build is platform dependent!
2020-12-21 17:48:35,710 [Worker-1: Building] INFO  o.e.m.c.i.embedder.EclipseLogger - Copying 0 resource
2020-12-21 17:48:45,592 [Worker-6: Updating Maven Project] INFO  o.e.m.c.i.p.ProjectConfigurationManager - Update started
2020-12-21 17:48:45,996 [Worker-6: Updating Maven Project] INFO  o.e.m.c.i.l.LifecycleMappingFactory - Using org.eclipse.m2e.jdt.JarLifecycleMapping lifecycle mapping for MavenProject: bdbt_proj:DomKultury:0.0.1-SNAPSHOT @ D:\semestr3\bazy\proj\projJava\DomKultury\pom.xml.
2020-12-21 17:48:46,219 [Worker-6: Updating Maven Project] INFO  o.e.m.j.i.AbstractJavaProjectConfigurator - Adding source folder /DomKultury/src/main/java
2020-12-21 17:48:46,219 [Worker-6: Updating Maven Project] INFO  o.e.m.j.i.AbstractJavaProjectConfigurator - Adding resource folder /DomKultury/src/main/resources
2020-12-21 17:48:46,219 [Worker-6: Updating Maven Project] INFO  o.e.m.j.i.AbstractJavaProjectConfigurator - Adding source folder /DomKultury/src/test/java
2020-12-21 17:48:46,219 [Worker-6: Updating Maven Project] INFO  o.e.m.j.i.AbstractJavaProjectConfigurator - Adding resource folder /DomKultury/src/test/resources
2020-12-21 17:48:46,384 [Worker-6: Updating Maven Project] INFO  o.e.m.c.i.p.ProjectConfigurationManager - Update completed: 0 sec
2020-12-21 17:48:46,679 [Worker-6: Building] WARN  o.e.m.c.i.embedder.EclipseLogger - Using platform encoding (Cp1250 actually) to copy filtered resources, i.e. build is platform dependent!
2020-12-21 17:48:46,686 [Worker-6: Building] INFO  o.e.m.c.i.embedder.EclipseLogger - Copying 0 resource
2020-12-21 17:48:46,687 [Worker-6: Building] WARN  o.e.m.c.i.embedder.EclipseLogger - Using platform encoding (Cp1250 actually) to copy filtered resources, i.e. build is platform dependent!
2020-12-21 17:48:46,693 [Worker-6: Building] INFO  o.e.m.c.i.embedder.EclipseLogger - Copying 0 resource
2020-12-21 17:49:27,988 [Worker-7: Building] WARN  o.e.m.c.i.embedder.EclipseLogger - Using platform encoding (Cp1250 actually) to copy filtered resources, i.e. build is platform dependent!
2020-12-21 17:49:27,996 [Worker-7: Building] INFO  o.e.m.c.i.embedder.EclipseLogger - Copying 0 resource
2020-12-21 17:49:27,997 [Worker-7: Building] WARN  o.e.m.c.i.embedder.EclipseLogger - Using platform encoding (Cp1250 actually) to copy filtered resources, i.e. build is platform dependent!
2020-12-21 17:49:28,002 [Worker-7: Building] INFO  o.e.m.c.i.embedder.EclipseLogger - Copying 0 resource
2020-12-21 17:49:53,398 [Worker-6: Building] WARN  o.e.m.c.i.embedder.EclipseLogger - Using platform encoding (Cp1250 actually) to copy filtered resources, i.e. build is platform dependent!
2020-12-21 17:49:53,407 [Worker-6: Building] INFO  o.e.m.c.i.embedder.EclipseLogger - Copying 0 resource
2020-12-21 17:49:53,409 [Worker-6: Building] WARN  o.e.m.c.i.embedder.EclipseLogger - Using platform encoding (Cp1250 actually) to copy filtered resources, i.e. build is platform dependent!
2020-12-21 17:49:53,414 [Worker-6: Building] INFO  o.e.m.c.i.embedder.EclipseLogger - Copying 0 resource
2020-12-21 17:50:16,862 [Worker-8: Updating Maven Project] INFO  o.e.m.c.i.p.ProjectConfigurationManager - Update started
2020-12-21 17:50:17,218 [Worker-8: Updating Maven Project] INFO  o.e.m.c.i.l.LifecycleMappingFactory - Using org.eclipse.m2e.jdt.JarLifecycleMapping lifecycle mapping for MavenProject: bdbt_proj:DomKultury:0.0.1-SNAPSHOT @ D:\semestr3\bazy\proj\projJava\DomKultury\pom.xml.
2020-12-21 17:50:17,405 [Worker-8: Updating Maven Project] INFO  o.e.m.j.i.AbstractJavaProjectConfigurator - Adding source folder /DomKultury/src/main/java
2020-12-21 17:50:17,406 [Worker-8: Updating Maven Project] INFO  o.e.m.j.i.AbstractJavaProjectConfigurator - Adding resource folder /DomKultury/src/main/resources
2020-12-21 17:50:17,406 [Worker-8: Updating Maven Project] INFO  o.e.m.j.i.AbstractJavaProjectConfigurator - Adding source folder /DomKultury/src/test/java
2020-12-21 17:50:17,407 [Worker-8: Updating Maven Project] INFO  o.e.m.j.i.AbstractJavaProjectConfigurator - Adding resource folder /DomKultury/src/test/resources
2020-12-21 17:50:17,558 [Worker-8: Updating Maven Project] INFO  o.e.m.c.i.p.ProjectConfigurationManager - Update completed: 0 sec
2020-12-21 17:50:17,874 [Worker-1: Building] WARN  o.e.m.c.i.embedder.EclipseLogger - Using platform encoding (Cp1250 actually) to copy filtered resources, i.e. build is platform dependent!
2020-12-21 17:50:17,880 [Worker-1: Building] INFO  o.e.m.c.i.embedder.EclipseLogger - Copying 0 resource
2020-12-21 17:50:17,882 [Worker-1: Building] WARN  o.e.m.c.i.embedder.EclipseLogger - Using platform encoding (Cp1250 actually) to copy filtered resources, i.e. build is platform dependent!
2020-12-21 17:50:17,889 [Worker-1: Building] INFO  o.e.m.c.i.embedder.EclipseLogger - Copying 0 resource
2020-12-21 17:50:42,990 [Worker-15: Building] WARN  o.e.m.c.i.embedder.EclipseLogger - Using platform encoding (Cp1250 actually) to copy filtered resources, i.e. build is platform dependent!
2020-12-21 17:50:42,996 [Worker-15: Building] INFO  o.e.m.c.i.embedder.EclipseLogger - Copying 0 resource
2020-12-21 17:50:42,997 [Worker-15: Building] WARN  o.e.m.c.i.embedder.EclipseLogger - Using platform encoding (Cp1250 actually) to copy filtered resources, i.e. build is platform dependent!
2020-12-21 17:50:43,005 [Worker-15: Building] INFO  o.e.m.c.i.embedder.EclipseLogger - Copying 0 resource
2020-12-21 17:50:46,414 [Worker-6: Building] WARN  o.e.m.c.i.embedder.EclipseLogger - Using platform encoding (Cp1250 actually) to copy filtered resources, i.e. build is platform dependent!
2020-12-21 17:50:46,421 [Worker-6: Building] INFO  o.e.m.c.i.embedder.EclipseLogger - Copying 0 resource
2020-12-21 17:50:46,422 [Worker-6: Building] WARN  o.e.m.c.i.embedder.EclipseLogger - Using platform encoding (Cp1250 actually) to copy filtered resources, i.e. build is platform dependent!
2020-12-21 17:50:46,427 [Worker-6: Building] INFO  o.e.m.c.i.embedder.EclipseLogger - Copying 0 resource
2020-12-21 17:51:52,924 [Worker-17: Building] WARN  o.e.m.c.i.embedder.EclipseLogger - Using platform encoding (Cp1250 actually) to copy filtered resources, i.e. build is platform dependent!
2020-12-21 17:51:52,931 [Worker-17: Building] INFO  o.e.m.c.i.embedder.EclipseLogger - Copying 1 resource
2020-12-21 17:51:52,939 [Worker-17: Building] WARN  o.e.m.c.i.embedder.EclipseLogger - Using platform encoding (Cp1250 actually) to copy filtered resources, i.e. build is platform dependent!
2020-12-21 17:51:52,945 [Worker-17: Building] INFO  o.e.m.c.i.embedder.EclipseLogger - Copying 0 resource
2020-12-21 17:54:35,740 [Worker-7: Building] WARN  o.e.m.c.i.embedder.EclipseLogger - Using platform encoding (Cp1250 actually) to copy filtered resources, i.e. build is platform dependent!
2020-12-21 17:54:35,745 [Worker-7: Building] INFO  o.e.m.c.i.embedder.EclipseLogger - Copying 1 resource
2020-12-21 17:54:35,747 [Worker-7: Building] WARN  o.e.m.c.i.embedder.EclipseLogger - Using platform encoding (Cp1250 actually) to copy filtered resources, i.e. build is platform dependent!
2020-12-21 17:54:35,753 [Worker-7: Building] INFO  o.e.m.c.i.embedder.EclipseLogger - Copying 0 resource
2020-12-21 17:55:13,185 [Worker-7: Building] WARN  o.e.m.c.i.embedder.EclipseLogger - Using platform encoding (Cp1250 actually) to copy filtered resources, i.e. build is platform dependent!
2020-12-21 17:55:13,190 [Worker-7: Building] INFO  o.e.m.c.i.embedder.EclipseLogger - Copying 1 resource
2020-12-21 17:55:13,193 [Worker-7: Building] WARN  o.e.m.c.i.embedder.EclipseLogger - Using platform encoding (Cp1250 actually) to copy filtered resources, i.e. build is platform dependent!
2020-12-21 17:55:13,197 [Worker-7: Building] INFO  o.e.m.c.i.embedder.EclipseLogger - Copying 0 resource
2020-12-21 17:56:01,578 [Worker-23: Updating Maven Project] INFO  o.e.m.c.i.p.ProjectConfigurationManager - Update started
2020-12-21 17:56:01,997 [Worker-23: Updating Maven Project] INFO  o.e.m.c.i.l.LifecycleMappingFactory - Using org.eclipse.m2e.jdt.JarLifecycleMapping lifecycle mapping for MavenProject: bdbt_proj:DomKultury:0.0.1-SNAPSHOT @ D:\semestr3\bazy\proj\projJava\DomKultury\pom.xml.
2020-12-21 17:56:02,212 [Worker-23: Updating Maven Project] INFO  o.e.m.j.i.AbstractJavaProjectConfigurator - Adding source folder /DomKultury/src/main/java
2020-12-21 17:56:02,212 [Worker-23: Updating Maven Project] INFO  o.e.m.j.i.AbstractJavaProjectConfigurator - Adding resource folder /DomKultury/src/main/resources
2020-12-21 17:56:02,213 [Worker-23: Updating Maven Project] INFO  o.e.m.j.i.AbstractJavaProjectConfigurator - Adding source folder /DomKultury/src/test/java
2020-12-21 17:56:02,213 [Worker-23: Updating Maven Project] INFO  o.e.m.j.i.AbstractJavaProjectConfigurator - Adding resource folder /DomKultury/src/test/resources
2020-12-21 17:56:02,363 [Worker-23: Updating Maven Project] INFO  o.e.m.c.i.p.ProjectConfigurationManager - Update completed: 0 sec
2020-12-21 17:56:02,596 [Worker-23: Building] WARN  o.e.m.c.i.embedder.EclipseLogger - Using platform encoding (Cp1250 actually) to copy filtered resources, i.e. build is platform dependent!
2020-12-21 17:56:02,602 [Worker-23: Building] INFO  o.e.m.c.i.embedder.EclipseLogger - Copying 1 resource
2020-12-21 17:56:02,612 [Worker-23: Building] WARN  o.e.m.c.i.embedder.EclipseLogger - Using platform encoding (Cp1250 actually) to copy filtered resources, i.e. build is platform dependent!
2020-12-21 17:56:02,617 [Worker-23: Building] INFO  o.e.m.c.i.embedder.EclipseLogger - Copying 0 resource
2020-12-21 17:56:18,787 [Worker-23: Building] WARN  o.e.m.c.i.embedder.EclipseLogger - Using platform encoding (Cp1250 actually) to copy filtered resources, i.e. build is platform dependent!
2020-12-21 17:56:18,795 [Worker-23: Building] INFO  o.e.m.c.i.embedder.EclipseLogger - Copying 1 resource
2020-12-21 17:56:18,798 [Worker-23: Building] WARN  o.e.m.c.i.embedder.EclipseLogger - Using platform encoding (Cp1250 actually) to copy filtered resources, i.e. build is platform dependent!
2020-12-21 17:56:18,804 [Worker-23: Building] INFO  o.e.m.c.i.embedder.EclipseLogger - Copying 0 resource
2020-12-21 17:56:26,265 [Worker-30: Building] WARN  o.e.m.c.i.embedder.EclipseLogger - Using platform encoding (Cp1250 actually) to copy filtered resources, i.e. build is platform dependent!
2020-12-21 17:56:26,271 [Worker-30: Building] INFO  o.e.m.c.i.embedder.EclipseLogger - Copying 1 resource
2020-12-21 17:56:26,275 [Worker-30: Building] WARN  o.e.m.c.i.embedder.EclipseLogger - Using platform encoding (Cp1250 actually) to copy filtered resources, i.e. build is platform dependent!
2020-12-21 17:56:26,280 [Worker-30: Building] INFO  o.e.m.c.i.embedder.EclipseLogger - Copying 0 resource
2020-12-21 17:57:25,254 [Worker-4: Building] WARN  o.e.m.c.i.embedder.EclipseLogger - Using platform encoding (Cp1250 actually) to copy filtered resources, i.e. build is platform dependent!
2020-12-21 17:57:25,259 [Worker-4: Building] INFO  o.e.m.c.i.embedder.EclipseLogger - Copying 1 resource
2020-12-21 17:57:25,260 [Worker-4: Building] WARN  o.e.m.c.i.embedder.EclipseLogger - Using platform encoding (Cp1250 actually) to copy filtered resources, i.e. build is platform dependent!
2020-12-21 17:57:25,265 [Worker-4: Building] INFO  o.e.m.c.i.embedder.EclipseLogger - Copying 0 resource
2020-12-21 17:58:58,155 [Worker-13: Building] WARN  o.e.m.c.i.embedder.EclipseLogger - Using platform encoding (Cp1250 actually) to copy filtered resources, i.e. build is platform dependent!
2020-12-21 17:58:58,161 [Worker-13: Building] INFO  o.e.m.c.i.embedder.EclipseLogger - Copying 1 resource
2020-12-21 17:58:58,161 [Worker-13: Building] WARN  o.e.m.c.i.embedder.EclipseLogger - Using platform encoding (Cp1250 actually) to copy filtered resources, i.e. build is platform dependent!
2020-12-21 17:58:58,167 [Worker-13: Building] INFO  o.e.m.c.i.embedder.EclipseLogger - Copying 0 resource
2020-12-21 17:58:59,192 [Worker-31: Building] WARN  o.e.m.c.i.embedder.EclipseLogger - Using platform encoding (Cp1250 actually) to copy filtered resources, i.e. build is platform dependent!
2020-12-21 17:58:59,196 [Worker-31: Building] INFO  o.e.m.c.i.embedder.EclipseLogger - Copying 0 resource
2020-12-21 17:58:59,197 [Worker-31: Building] WARN  o.e.m.c.i.embedder.EclipseLogger - Using platform encoding (Cp1250 actually) to copy filtered resources, i.e. build is platform dependent!
2020-12-21 17:58:59,202 [Worker-31: Building] INFO  o.e.m.c.i.embedder.EclipseLogger - Copying 0 resource
2020-12-21 18:04:32,432 [Worker-23: Building] WARN  o.e.m.c.i.embedder.EclipseLogger - Using platform encoding (Cp1250 actually) to copy filtered resources, i.e. build is platform dependent!
2020-12-21 18:04:32,439 [Worker-23: Building] INFO  o.e.m.c.i.embedder.EclipseLogger - Copying 1 resource
2020-12-21 18:04:32,440 [Worker-23: Building] WARN  o.e.m.c.i.embedder.EclipseLogger - Using platform encoding (Cp1250 actually) to copy filtered resources, i.e. build is platform dependent!
2020-12-21 18:04:32,446 [Worker-23: Building] INFO  o.e.m.c.i.embedder.EclipseLogger - Copying 0 resource
2020-12-21 18:05:55,323 [Worker-31: Building] WARN  o.e.m.c.i.embedder.EclipseLogger - Using platform encoding (Cp1250 actually) to copy filtered resources, i.e. build is platform dependent!
2020-12-21 18:05:55,330 [Worker-31: Building] INFO  o.e.m.c.i.embedder.EclipseLogger - Copying 1 resource
2020-12-21 18:05:55,332 [Worker-31: Building] WARN  o.e.m.c.i.embedder.EclipseLogger - Using platform encoding (Cp1250 actually) to copy filtered resources, i.e. build is platform dependent!
2020-12-21 18:05:55,342 [Worker-31: Building] INFO  o.e.m.c.i.embedder.EclipseLogger - Copying 0 resource
2020-12-21 18:06:36,189 [Worker-13: Building] WARN  o.e.m.c.i.embedder.EclipseLogger - Using platform encoding (Cp1250 actually) to copy filtered resources, i.e. build is platform dependent!
2020-12-21 18:06:36,196 [Worker-13: Building] INFO  o.e.m.c.i.embedder.EclipseLogger - Copying 1 resource
2020-12-21 18:06:36,196 [Worker-13: Building] WARN  o.e.m.c.i.embedder.EclipseLogger - Using platform encoding (Cp1250 actually) to copy filtered resources, i.e. build is platform dependent!
2020-12-21 18:06:36,201 [Worker-13: Building] INFO  o.e.m.c.i.embedder.EclipseLogger - Copying 0 resource
2020-12-21 18:07:32,423 [Worker-31: Building] WARN  o.e.m.c.i.embedder.EclipseLogger - Using platform encoding (Cp1250 actually) to copy filtered resources, i.e. build is platform dependent!
2020-12-21 18:07:32,428 [Worker-31: Building] INFO  o.e.m.c.i.embedder.EclipseLogger - Copying 1 resource
2020-12-21 18:07:32,429 [Worker-31: Building] WARN  o.e.m.c.i.embedder.EclipseLogger - Using platform encoding (Cp1250 actually) to copy filtered resources, i.e. build is platform dependent!
2020-12-21 18:07:32,435 [Worker-31: Building] INFO  o.e.m.c.i.embedder.EclipseLogger - Copying 0 resource
2020-12-21 18:08:18,002 [Worker-7: Building] WARN  o.e.m.c.i.embedder.EclipseLogger - Using platform encoding (Cp1250 actually) to copy filtered resources, i.e. build is platform dependent!
2020-12-21 18:08:18,010 [Worker-7: Building] INFO  o.e.m.c.i.embedder.EclipseLogger - Copying 1 resource
2020-12-21 18:08:18,012 [Worker-7: Building] WARN  o.e.m.c.i.embedder.EclipseLogger - Using platform encoding (Cp1250 actually) to copy filtered resources, i.e. build is platform dependent!
2020-12-21 18:08:18,020 [Worker-7: Building] INFO  o.e.m.c.i.embedder.EclipseLogger - Copying 0 resource
2020-12-21 18:09:07,078 [Worker-13: Building] WARN  o.e.m.c.i.embedder.EclipseLogger - Using platform encoding (Cp1250 actually) to copy filtered resources, i.e. build is platform dependent!
2020-12-21 18:09:07,083 [Worker-13: Building] INFO  o.e.m.c.i.embedder.EclipseLogger - Copying 1 resource
2020-12-21 18:09:07,083 [Worker-13: Building] WARN  o.e.m.c.i.embedder.EclipseLogger - Using platform encoding (Cp1250 actually) to copy filtered resources, i.e. build is platform dependent!
2020-12-21 18:09:07,088 [Worker-13: Building] INFO  o.e.m.c.i.embedder.EclipseLogger - Copying 0 resource
2020-12-21 18:10:07,041 [Worker-31: Building] WARN  o.e.m.c.i.embedder.EclipseLogger - Using platform encoding (Cp1250 actually) to copy filtered resources, i.e. build is platform dependent!
2020-12-21 18:10:07,047 [Worker-31: Building] INFO  o.e.m.c.i.embedder.EclipseLogger - Copying 1 resource
2020-12-21 18:10:07,048 [Worker-31: Building] WARN  o.e.m.c.i.embedder.EclipseLogger - Using platform encoding (Cp1250 actually) to copy filtered resources, i.e. build is platform dependent!
2020-12-21 18:10:07,053 [Worker-31: Building] INFO  o.e.m.c.i.embedder.EclipseLogger - Copying 0 resource
2020-12-21 18:11:05,817 [Worker-30: Building] WARN  o.e.m.c.i.embedder.EclipseLogger - Using platform encoding (Cp1250 actually) to copy filtered resources, i.e. build is platform dependent!
2020-12-21 18:11:05,822 [Worker-30: Building] INFO  o.e.m.c.i.embedder.EclipseLogger - Copying 1 resource
2020-12-21 18:11:05,823 [Worker-30: Building] WARN  o.e.m.c.i.embedder.EclipseLogger - Using platform encoding (Cp1250 actually) to copy filtered resources, i.e. build is platform dependent!
2020-12-21 18:11:05,827 [Worker-30: Building] INFO  o.e.m.c.i.embedder.EclipseLogger - Copying 0 resource
2020-12-21 18:13:34,416 [Worker-7: Building] WARN  o.e.m.c.i.embedder.EclipseLogger - Using platform encoding (Cp1250 actually) to copy filtered resources, i.e. build is platform dependent!
2020-12-21 18:13:34,421 [Worker-7: Building] INFO  o.e.m.c.i.embedder.EclipseLogger - Copying 1 resource
2020-12-21 18:13:34,422 [Worker-7: Building] WARN  o.e.m.c.i.embedder.EclipseLogger - Using platform encoding (Cp1250 actually) to copy filtered resources, i.e. build is platform dependent!
2020-12-21 18:13:34,426 [Worker-7: Building] INFO  o.e.m.c.i.embedder.EclipseLogger - Copying 0 resource
2020-12-21 18:13:37,882 [Worker-32: Building] WARN  o.e.m.c.i.embedder.EclipseLogger - Using platform encoding (Cp1250 actually) to copy filtered resources, i.e. build is platform dependent!
2020-12-21 18:13:37,886 [Worker-32: Building] INFO  o.e.m.c.i.embedder.EclipseLogger - Copying 1 resource
2020-12-21 18:13:37,888 [Worker-32: Building] WARN  o.e.m.c.i.embedder.EclipseLogger - Using platform encoding (Cp1250 actually) to copy filtered resources, i.e. build is platform dependent!
2020-12-21 18:13:37,893 [Worker-32: Building] INFO  o.e.m.c.i.embedder.EclipseLogger - Copying 0 resource
2020-12-21 18:14:29,366 [Worker-23: Building] WARN  o.e.m.c.i.embedder.EclipseLogger - Using platform encoding (Cp1250 actually) to copy filtered resources, i.e. build is platform dependent!
2020-12-21 18:14:29,374 [Worker-23: Building] INFO  o.e.m.c.i.embedder.EclipseLogger - Copying 1 resource
2020-12-21 18:14:29,375 [Worker-23: Building] WARN  o.e.m.c.i.embedder.EclipseLogger - Using platform encoding (Cp1250 actually) to copy filtered resources, i.e. build is platform dependent!
2020-12-21 18:14:29,379 [Worker-23: Building] INFO  o.e.m.c.i.embedder.EclipseLogger - Copying 0 resource
2020-12-21 18:15:05,134 [Worker-31: Building] WARN  o.e.m.c.i.embedder.EclipseLogger - Using platform encoding (Cp1250 actually) to copy filtered resources, i.e. build is platform dependent!
2020-12-21 18:15:05,143 [Worker-31: Building] INFO  o.e.m.c.i.embedder.EclipseLogger - Copying 1 resource
2020-12-21 18:15:05,144 [Worker-31: Building] WARN  o.e.m.c.i.embedder.EclipseLogger - Using platform encoding (Cp1250 actually) to copy filtered resources, i.e. build is platform dependent!
2020-12-21 18:15:05,149 [Worker-31: Building] INFO  o.e.m.c.i.embedder.EclipseLogger - Copying 0 resource
2020-12-21 18:18:07,079 [Worker-13: Building] WARN  o.e.m.c.i.embedder.EclipseLogger - Using platform encoding (Cp1250 actually) to copy filtered resources, i.e. build is platform dependent!
2020-12-21 18:18:07,084 [Worker-13: Building] INFO  o.e.m.c.i.embedder.EclipseLogger - Copying 1 resource
2020-12-21 18:18:07,085 [Worker-13: Building] WARN  o.e.m.c.i.embedder.EclipseLogger - Using platform encoding (Cp1250 actually) to copy filtered resources, i.e. build is platform dependent!
2020-12-21 18:18:07,089 [Worker-13: Building] INFO  o.e.m.c.i.embedder.EclipseLogger - Copying 0 resource
2020-12-21 18:18:19,823 [Worker-7: Building] WARN  o.e.m.c.i.embedder.EclipseLogger - Using platform encoding (Cp1250 actually) to copy filtered resources, i.e. build is platform dependent!
2020-12-21 18:18:19,828 [Worker-7: Building] INFO  o.e.m.c.i.embedder.EclipseLogger - Copying 1 resource
2020-12-21 18:18:19,829 [Worker-7: Building] WARN  o.e.m.c.i.embedder.EclipseLogger - Using platform encoding (Cp1250 actually) to copy filtered resources, i.e. build is platform dependent!
2020-12-21 18:18:19,833 [Worker-7: Building] INFO  o.e.m.c.i.embedder.EclipseLogger - Copying 0 resource
2020-12-21 18:18:49,989 [Worker-30: Building] WARN  o.e.m.c.i.embedder.EclipseLogger - Using platform encoding (Cp1250 actually) to copy filtered resources, i.e. build is platform dependent!
2020-12-21 18:18:49,994 [Worker-30: Building] INFO  o.e.m.c.i.embedder.EclipseLogger - Copying 1 resource
2020-12-21 18:18:49,995 [Worker-30: Building] WARN  o.e.m.c.i.embedder.EclipseLogger - Using platform encoding (Cp1250 actually) to copy filtered resources, i.e. build is platform dependent!
2020-12-21 18:18:49,999 [Worker-30: Building] INFO  o.e.m.c.i.embedder.EclipseLogger - Copying 0 resource
2020-12-21 18:21:18,559 [Worker-7: Building] WARN  o.e.m.c.i.embedder.EclipseLogger - Using platform encoding (Cp1250 actually) to copy filtered resources, i.e. build is platform dependent!
2020-12-21 18:21:18,574 [Worker-7: Building] INFO  o.e.m.c.i.embedder.EclipseLogger - Copying 1 resource
2020-12-21 18:21:18,580 [Worker-7: Building] WARN  o.e.m.c.i.embedder.EclipseLogger - Using platform encoding (Cp1250 actually) to copy filtered resources, i.e. build is platform dependent!
2020-12-21 18:21:18,587 [Worker-7: Building] INFO  o.e.m.c.i.embedder.EclipseLogger - Copying 0 resource
2020-12-21 18:25:41,719 [Worker-7: Building] WARN  o.e.m.c.i.embedder.EclipseLogger - Using platform encoding (Cp1250 actually) to copy filtered resources, i.e. build is platform dependent!
2020-12-21 18:25:41,724 [Worker-7: Building] INFO  o.e.m.c.i.embedder.EclipseLogger - Copying 0 resource
2020-12-21 18:25:41,725 [Worker-7: Building] WARN  o.e.m.c.i.embedder.EclipseLogger - Using platform encoding (Cp1250 actually) to copy filtered resources, i.e. build is platform dependent!
2020-12-21 18:25:41,731 [Worker-7: Building] INFO  o.e.m.c.i.embedder.EclipseLogger - Copying 0 resource
2020-12-21 18:26:22,926 [Worker-7: Building] WARN  o.e.m.c.i.embedder.EclipseLogger - Using platform encoding (Cp1250 actually) to copy filtered resources, i.e. build is platform dependent!
2020-12-21 18:26:22,931 [Worker-7: Building] INFO  o.e.m.c.i.embedder.EclipseLogger - Copying 0 resource
2020-12-21 18:26:22,932 [Worker-7: Building] WARN  o.e.m.c.i.embedder.EclipseLogger - Using platform encoding (Cp1250 actually) to copy filtered resources, i.e. build is platform dependent!
2020-12-21 18:26:22,941 [Worker-7: Building] INFO  o.e.m.c.i.embedder.EclipseLogger - Copying 0 resource
2020-12-21 18:30:49,042 [Worker-37: Building] WARN  o.e.m.c.i.embedder.EclipseLogger - Using platform encoding (Cp1250 actually) to copy filtered resources, i.e. build is platform dependent!
2020-12-21 18:30:49,047 [Worker-37: Building] INFO  o.e.m.c.i.embedder.EclipseLogger - Copying 0 resource
2020-12-21 18:30:49,048 [Worker-37: Building] WARN  o.e.m.c.i.embedder.EclipseLogger - Using platform encoding (Cp1250 actually) to copy filtered resources, i.e. build is platform dependent!
2020-12-21 18:30:49,052 [Worker-37: Building] INFO  o.e.m.c.i.embedder.EclipseLogger - Copying 0 resource
2020-12-21 18:31:03,613 [Worker-7: Building] WARN  o.e.m.c.i.embedder.EclipseLogger - Using platform encoding (Cp1250 actually) to copy filtered resources, i.e. build is platform dependent!
2020-12-21 18:31:03,618 [Worker-7: Building] INFO  o.e.m.c.i.embedder.EclipseLogger - Copying 1 resource
2020-12-21 18:31:03,619 [Worker-7: Building] WARN  o.e.m.c.i.embedder.EclipseLogger - Using platform encoding (Cp1250 actually) to copy filtered resources, i.e. build is platform dependent!
2020-12-21 18:31:03,624 [Worker-7: Building] INFO  o.e.m.c.i.embedder.EclipseLogger - Copying 0 resource
2020-12-21 18:31:16,128 [Worker-7: Updating Maven Project] INFO  o.e.m.c.i.p.ProjectConfigurationManager - Update started
2020-12-21 18:31:16,635 [Worker-7: Updating Maven Project] INFO  o.e.m.c.i.l.LifecycleMappingFactory - Using org.eclipse.m2e.jdt.JarLifecycleMapping lifecycle mapping for MavenProject: bdbt_proj:DomKultury:0.0.1-SNAPSHOT @ D:\semestr3\bazy\proj\projJava\DomKultury\pom.xml.
2020-12-21 18:31:16,839 [Worker-7: Updating Maven Project] INFO  o.e.m.j.i.AbstractJavaProjectConfigurator - Adding source folder /DomKultury/src/main/java
2020-12-21 18:31:16,840 [Worker-7: Updating Maven Project] INFO  o.e.m.j.i.AbstractJavaProjectConfigurator - Adding resource folder /DomKultury/src/main/resources
2020-12-21 18:31:16,840 [Worker-7: Updating Maven Project] INFO  o.e.m.j.i.AbstractJavaProjectConfigurator - Adding source folder /DomKultury/src/test/java
2020-12-21 18:31:16,840 [Worker-7: Updating Maven Project] INFO  o.e.m.j.i.AbstractJavaProjectConfigurator - Adding resource folder /DomKultury/src/test/resources
2020-12-21 18:31:17,045 [Worker-7: Updating Maven Project] INFO  o.e.m.c.i.p.ProjectConfigurationManager - Update completed: 0 sec
2020-12-21 18:31:17,396 [Worker-35: Building] WARN  o.e.m.c.i.embedder.EclipseLogger - Using platform encoding (Cp1250 actually) to copy filtered resources, i.e. build is platform dependent!
2020-12-21 18:31:17,408 [Worker-35: Building] INFO  o.e.m.c.i.embedder.EclipseLogger - Copying 1 resource
2020-12-21 18:31:17,417 [Worker-35: Building] WARN  o.e.m.c.i.embedder.EclipseLogger - Using platform encoding (Cp1250 actually) to copy filtered resources, i.e. build is platform dependent!
2020-12-21 18:31:17,422 [Worker-35: Building] INFO  o.e.m.c.i.embedder.EclipseLogger - Copying 0 resource
2020-12-21 18:31:36,270 [Worker-36: Building] WARN  o.e.m.c.i.embedder.EclipseLogger - Using platform encoding (Cp1250 actually) to copy filtered resources, i.e. build is platform dependent!
2020-12-21 18:31:36,280 [Worker-36: Building] INFO  o.e.m.c.i.embedder.EclipseLogger - Copying 1 resource
2020-12-21 18:31:36,283 [Worker-36: Building] WARN  o.e.m.c.i.embedder.EclipseLogger - Using platform encoding (Cp1250 actually) to copy filtered resources, i.e. build is platform dependent!
2020-12-21 18:31:36,290 [Worker-36: Building] INFO  o.e.m.c.i.embedder.EclipseLogger - Copying 0 resource
2020-12-21 18:32:46,601 [Worker-35: Building] WARN  o.e.m.c.i.embedder.EclipseLogger - Using platform encoding (Cp1250 actually) to copy filtered resources, i.e. build is platform dependent!
2020-12-21 18:32:46,609 [Worker-35: Building] INFO  o.e.m.c.i.embedder.EclipseLogger - Copying 1 resource
2020-12-21 18:32:46,611 [Worker-35: Building] WARN  o.e.m.c.i.embedder.EclipseLogger - Using platform encoding (Cp1250 actually) to copy filtered resources, i.e. build is platform dependent!
2020-12-21 18:32:46,615 [Worker-35: Building] INFO  o.e.m.c.i.embedder.EclipseLogger - Copying 0 resource
2020-12-21 18:33:01,510 [Worker-7: Launching Domy_kulturyDAOTest.testList] WARN  o.e.m.c.i.embedder.EclipseLogger - Using platform encoding (Cp1250 actually) to copy filtered resources, i.e. build is platform dependent!
2020-12-21 18:33:01,515 [Worker-7: Launching Domy_kulturyDAOTest.testList] INFO  o.e.m.c.i.embedder.EclipseLogger - Copying 0 resource
2020-12-21 18:33:01,516 [Worker-7: Launching Domy_kulturyDAOTest.testList] WARN  o.e.m.c.i.embedder.EclipseLogger - Using platform encoding (Cp1250 actually) to copy filtered resources, i.e. build is platform dependent!
2020-12-21 18:33:01,522 [Worker-7: Launching Domy_kulturyDAOTest.testList] INFO  o.e.m.c.i.embedder.EclipseLogger - Copying 0 resource
2020-12-21 18:33:30,196 [Worker-34: Updating Maven Project] INFO  o.e.m.c.i.p.ProjectConfigurationManager - Update started
2020-12-21 18:33:30,543 [Worker-34: Updating Maven Project] INFO  o.e.m.c.i.l.LifecycleMappingFactory - Using org.eclipse.m2e.jdt.JarLifecycleMapping lifecycle mapping for MavenProject: bdbt_proj:DomKultury:0.0.1-SNAPSHOT @ D:\semestr3\bazy\proj\projJava\DomKultury\pom.xml.
2020-12-21 18:33:30,714 [Worker-34: Updating Maven Project] INFO  o.e.m.j.i.AbstractJavaProjectConfigurator - Adding source folder /DomKultury/src/main/java
2020-12-21 18:33:30,714 [Worker-34: Updating Maven Project] INFO  o.e.m.j.i.AbstractJavaProjectConfigurator - Adding resource folder /DomKultury/src/main/resources
2020-12-21 18:33:30,714 [Worker-34: Updating Maven Project] INFO  o.e.m.j.i.AbstractJavaProjectConfigurator - Adding source folder /DomKultury/src/test/java
2020-12-21 18:33:30,714 [Worker-34: Updating Maven Project] INFO  o.e.m.j.i.AbstractJavaProjectConfigurator - Adding resource folder /DomKultury/src/test/resources
2020-12-21 18:33:30,858 [Worker-34: Updating Maven Project] INFO  o.e.m.c.i.p.ProjectConfigurationManager - Update completed: 0 sec
2020-12-21 18:33:31,174 [Worker-35: Building] WARN  o.e.m.c.i.embedder.EclipseLogger - Using platform encoding (Cp1250 actually) to copy filtered resources, i.e. build is platform dependent!
2020-12-21 18:33:31,179 [Worker-35: Building] INFO  o.e.m.c.i.embedder.EclipseLogger - Copying 1 resource
2020-12-21 18:33:31,185 [Worker-35: Building] WARN  o.e.m.c.i.embedder.EclipseLogger - Using platform encoding (Cp1250 actually) to copy filtered resources, i.e. build is platform dependent!
2020-12-21 18:33:31,190 [Worker-35: Building] INFO  o.e.m.c.i.embedder.EclipseLogger - Copying 0 resource
2020-12-21 18:33:51,112 [Worker-31: Building] WARN  o.e.m.c.i.embedder.EclipseLogger - Using platform encoding (Cp1250 actually) to copy filtered resources, i.e. build is platform dependent!
2020-12-21 18:33:51,118 [Worker-31: Building] INFO  o.e.m.c.i.embedder.EclipseLogger - Copying 1 resource
2020-12-21 18:33:51,121 [Worker-31: Building] WARN  o.e.m.c.i.embedder.EclipseLogger - Using platform encoding (Cp1250 actually) to copy filtered resources, i.e. build is platform dependent!
2020-12-21 18:33:51,126 [Worker-31: Building] INFO  o.e.m.c.i.embedder.EclipseLogger - Copying 0 resource
2020-12-21 18:35:18,942 [Worker-37: Building] WARN  o.e.m.c.i.embedder.EclipseLogger - Using platform encoding (Cp1250 actually) to copy filtered resources, i.e. build is platform dependent!
2020-12-21 18:35:18,947 [Worker-37: Building] INFO  o.e.m.c.i.embedder.EclipseLogger - Copying 1 resource
2020-12-21 18:35:18,948 [Worker-37: Building] WARN  o.e.m.c.i.embedder.EclipseLogger - Using platform encoding (Cp1250 actually) to copy filtered resources, i.e. build is platform dependent!
2020-12-21 18:35:18,955 [Worker-37: Building] INFO  o.e.m.c.i.embedder.EclipseLogger - Copying 0 resource
2020-12-21 18:36:48,469 [Worker-7: Building] WARN  o.e.m.c.i.embedder.EclipseLogger - Using platform encoding (Cp1250 actually) to copy filtered resources, i.e. build is platform dependent!
2020-12-21 18:36:48,477 [Worker-7: Building] INFO  o.e.m.c.i.embedder.EclipseLogger - Copying 1 resource
2020-12-21 18:36:48,478 [Worker-7: Building] WARN  o.e.m.c.i.embedder.EclipseLogger - Using platform encoding (Cp1250 actually) to copy filtered resources, i.e. build is platform dependent!
2020-12-21 18:36:48,482 [Worker-7: Building] INFO  o.e.m.c.i.embedder.EclipseLogger - Copying 0 resource
2020-12-21 18:37:23,044 [Worker-37: Building] WARN  o.e.m.c.i.embedder.EclipseLogger - Using platform encoding (Cp1250 actually) to copy filtered resources, i.e. build is platform dependent!
2020-12-21 18:37:23,049 [Worker-37: Building] INFO  o.e.m.c.i.embedder.EclipseLogger - Copying 1 resource
2020-12-21 18:37:23,050 [Worker-37: Building] WARN  o.e.m.c.i.embedder.EclipseLogger - Using platform encoding (Cp1250 actually) to copy filtered resources, i.e. build is platform dependent!
2020-12-21 18:37:23,054 [Worker-37: Building] INFO  o.e.m.c.i.embedder.EclipseLogger - Copying 0 resource
2020-12-21 18:37:42,309 [Worker-34: Building] WARN  o.e.m.c.i.embedder.EclipseLogger - Using platform encoding (Cp1250 actually) to copy filtered resources, i.e. build is platform dependent!
2020-12-21 18:37:42,314 [Worker-34: Building] INFO  o.e.m.c.i.embedder.EclipseLogger - Copying 1 resource
2020-12-21 18:37:42,314 [Worker-34: Building] WARN  o.e.m.c.i.embedder.EclipseLogger - Using platform encoding (Cp1250 actually) to copy filtered resources, i.e. build is platform dependent!
2020-12-21 18:37:42,319 [Worker-34: Building] INFO  o.e.m.c.i.embedder.EclipseLogger - Copying 0 resource
2020-12-21 18:37:50,810 [Worker-34: Building] WARN  o.e.m.c.i.embedder.EclipseLogger - Using platform encoding (Cp1250 actually) to copy filtered resources, i.e. build is platform dependent!
2020-12-21 18:37:50,815 [Worker-34: Building] INFO  o.e.m.c.i.embedder.EclipseLogger - Copying 1 resource
2020-12-21 18:37:50,816 [Worker-34: Building] WARN  o.e.m.c.i.embedder.EclipseLogger - Using platform encoding (Cp1250 actually) to copy filtered resources, i.e. build is platform dependent!
2020-12-21 18:37:50,822 [Worker-34: Building] INFO  o.e.m.c.i.embedder.EclipseLogger - Copying 0 resource
2020-12-21 18:38:47,849 [Worker-7: Building] WARN  o.e.m.c.i.embedder.EclipseLogger - Using platform encoding (Cp1250 actually) to copy filtered resources, i.e. build is platform dependent!
2020-12-21 18:38:47,856 [Worker-7: Building] INFO  o.e.m.c.i.embedder.EclipseLogger - Copying 1 resource
2020-12-21 18:38:47,859 [Worker-7: Building] WARN  o.e.m.c.i.embedder.EclipseLogger - Using platform encoding (Cp1250 actually) to copy filtered resources, i.e. build is platform dependent!
2020-12-21 18:38:47,865 [Worker-7: Building] INFO  o.e.m.c.i.embedder.EclipseLogger - Copying 0 resource
2020-12-21 18:39:08,055 [Worker-7: Building] WARN  o.e.m.c.i.embedder.EclipseLogger - Using platform encoding (Cp1250 actually) to copy filtered resources, i.e. build is platform dependent!
2020-12-21 18:39:08,059 [Worker-7: Building] INFO  o.e.m.c.i.embedder.EclipseLogger - Copying 1 resource
2020-12-21 18:39:08,060 [Worker-7: Building] WARN  o.e.m.c.i.embedder.EclipseLogger - Using platform encoding (Cp1250 actually) to copy filtered resources, i.e. build is platform dependent!
2020-12-21 18:39:08,065 [Worker-7: Building] INFO  o.e.m.c.i.embedder.EclipseLogger - Copying 0 resource
2020-12-21 18:40:12,748 [Worker-7: Building] WARN  o.e.m.c.i.embedder.EclipseLogger - Using platform encoding (Cp1250 actually) to copy filtered resources, i.e. build is platform dependent!
2020-12-21 18:40:12,753 [Worker-7: Building] INFO  o.e.m.c.i.embedder.EclipseLogger - Copying 1 resource
2020-12-21 18:40:12,753 [Worker-7: Building] WARN  o.e.m.c.i.embedder.EclipseLogger - Using platform encoding (Cp1250 actually) to copy filtered resources, i.e. build is platform dependent!
2020-12-21 18:40:12,757 [Worker-7: Building] INFO  o.e.m.c.i.embedder.EclipseLogger - Copying 0 resource
2020-12-21 18:40:17,106 [Worker-36: Building] WARN  o.e.m.c.i.embedder.EclipseLogger - Using platform encoding (Cp1250 actually) to copy filtered resources, i.e. build is platform dependent!
2020-12-21 18:40:17,111 [Worker-36: Building] INFO  o.e.m.c.i.embedder.EclipseLogger - Copying 1 resource
2020-12-21 18:40:17,112 [Worker-36: Building] WARN  o.e.m.c.i.embedder.EclipseLogger - Using platform encoding (Cp1250 actually) to copy filtered resources, i.e. build is platform dependent!
2020-12-21 18:40:17,116 [Worker-36: Building] INFO  o.e.m.c.i.embedder.EclipseLogger - Copying 0 resource
2020-12-21 18:40:21,297 [Worker-31: Building] WARN  o.e.m.c.i.embedder.EclipseLogger - Using platform encoding (Cp1250 actually) to copy filtered resources, i.e. build is platform dependent!
2020-12-21 18:40:21,303 [Worker-31: Building] INFO  o.e.m.c.i.embedder.EclipseLogger - Copying 1 resource
2020-12-21 18:40:21,305 [Worker-31: Building] WARN  o.e.m.c.i.embedder.EclipseLogger - Using platform encoding (Cp1250 actually) to copy filtered resources, i.e. build is platform dependent!
2020-12-21 18:40:21,311 [Worker-31: Building] INFO  o.e.m.c.i.embedder.EclipseLogger - Copying 0 resource
2020-12-21 18:45:23,131 [Worker-34: Building] WARN  o.e.m.c.i.embedder.EclipseLogger - Using platform encoding (Cp1250 actually) to copy filtered resources, i.e. build is platform dependent!
2020-12-21 18:45:23,136 [Worker-34: Building] INFO  o.e.m.c.i.embedder.EclipseLogger - Copying 1 resource
2020-12-21 18:45:23,140 [Worker-34: Building] WARN  o.e.m.c.i.embedder.EclipseLogger - Using platform encoding (Cp1250 actually) to copy filtered resources, i.e. build is platform dependent!
2020-12-21 18:45:23,144 [Worker-34: Building] INFO  o.e.m.c.i.embedder.EclipseLogger - Copying 0 resource
2020-12-21 18:45:30,717 [Worker-34: Updating Maven Project] INFO  o.e.m.c.i.p.ProjectConfigurationManager - Update started
2020-12-21 18:45:31,046 [Worker-34: Updating Maven Project] INFO  o.e.m.c.i.l.LifecycleMappingFactory - Using org.eclipse.m2e.jdt.JarLifecycleMapping lifecycle mapping for MavenProject: bdbt_proj:DomKultury:0.0.1-SNAPSHOT @ D:\semestr3\bazy\proj\projJava\DomKultury\pom.xml.
2020-12-21 18:45:31,203 [Worker-34: Updating Maven Project] INFO  o.e.m.j.i.AbstractJavaProjectConfigurator - Adding source folder /DomKultury/src/main/java
2020-12-21 18:45:31,203 [Worker-34: Updating Maven Project] INFO  o.e.m.j.i.AbstractJavaProjectConfigurator - Adding resource folder /DomKultury/src/main/resources
2020-12-21 18:45:31,204 [Worker-34: Updating Maven Project] INFO  o.e.m.j.i.AbstractJavaProjectConfigurator - Adding source folder /DomKultury/src/test/java
2020-12-21 18:45:31,205 [Worker-34: Updating Maven Project] INFO  o.e.m.j.i.AbstractJavaProjectConfigurator - Adding resource folder /DomKultury/src/test/resources
2020-12-21 18:45:31,387 [Worker-34: Updating Maven Project] INFO  o.e.m.c.i.p.ProjectConfigurationManager - Update completed: 0 sec
2020-12-21 18:45:31,736 [Worker-39: Building] WARN  o.e.m.c.i.embedder.EclipseLogger - Using platform encoding (Cp1250 actually) to copy filtered resources, i.e. build is platform dependent!
2020-12-21 18:45:31,743 [Worker-39: Building] INFO  o.e.m.c.i.embedder.EclipseLogger - Copying 1 resource
2020-12-21 18:45:31,749 [Worker-39: Building] WARN  o.e.m.c.i.embedder.EclipseLogger - Using platform encoding (Cp1250 actually) to copy filtered resources, i.e. build is platform dependent!
2020-12-21 18:45:31,754 [Worker-39: Building] INFO  o.e.m.c.i.embedder.EclipseLogger - Copying 0 resource
2020-12-21 18:45:44,293 [Worker-41: Building] WARN  o.e.m.c.i.embedder.EclipseLogger - Using platform encoding (Cp1250 actually) to copy filtered resources, i.e. build is platform dependent!
2020-12-21 18:45:44,305 [Worker-41: Building] INFO  o.e.m.c.i.embedder.EclipseLogger - Copying 1 resource
2020-12-21 18:45:44,308 [Worker-41: Building] WARN  o.e.m.c.i.embedder.EclipseLogger - Using platform encoding (Cp1250 actually) to copy filtered resources, i.e. build is platform dependent!
2020-12-21 18:45:44,314 [Worker-41: Building] INFO  o.e.m.c.i.embedder.EclipseLogger - Copying 0 resource
2020-12-21 18:48:07,128 [Worker-7: Building] WARN  o.e.m.c.i.embedder.EclipseLogger - Using platform encoding (Cp1250 actually) to copy filtered resources, i.e. build is platform dependent!
2020-12-21 18:48:07,134 [Worker-7: Building] INFO  o.e.m.c.i.embedder.EclipseLogger - Copying 0 resource
2020-12-21 18:48:07,135 [Worker-7: Building] WARN  o.e.m.c.i.embedder.EclipseLogger - Using platform encoding (Cp1250 actually) to copy filtered resources, i.e. build is platform dependent!
2020-12-21 18:48:07,142 [Worker-7: Building] INFO  o.e.m.c.i.embedder.EclipseLogger - Copying 0 resource
2020-12-21 18:50:03,252 [Worker-43: Building] WARN  o.e.m.c.i.embedder.EclipseLogger - Using platform encoding (Cp1250 actually) to copy filtered resources, i.e. build is platform dependent!
2020-12-21 18:50:03,257 [Worker-43: Building] INFO  o.e.m.c.i.embedder.EclipseLogger - Copying 1 resource
2020-12-21 18:50:03,259 [Worker-43: Building] WARN  o.e.m.c.i.embedder.EclipseLogger - Using platform encoding (Cp1250 actually) to copy filtered resources, i.e. build is platform dependent!
2020-12-21 18:50:03,264 [Worker-43: Building] INFO  o.e.m.c.i.embedder.EclipseLogger - Copying 0 resource
2020-12-21 18:50:42,264 [Worker-43: Building] WARN  o.e.m.c.i.embedder.EclipseLogger - Using platform encoding (Cp1250 actually) to copy filtered resources, i.e. build is platform dependent!
2020-12-21 18:50:42,269 [Worker-43: Building] INFO  o.e.m.c.i.embedder.EclipseLogger - Copying 0 resource
2020-12-21 18:50:42,272 [Worker-43: Building] WARN  o.e.m.c.i.embedder.EclipseLogger - Using platform encoding (Cp1250 actually) to copy filtered resources, i.e. build is platform dependent!
2020-12-21 18:50:42,278 [Worker-43: Building] INFO  o.e.m.c.i.embedder.EclipseLogger - Copying 0 resource
2020-12-21 18:53:08,847 [Worker-43: Building] WARN  o.e.m.c.i.embedder.EclipseLogger - Using platform encoding (Cp1250 actually) to copy filtered resources, i.e. build is platform dependent!
2020-12-21 18:53:08,854 [Worker-43: Building] INFO  o.e.m.c.i.embedder.EclipseLogger - Copying 1 resource
2020-12-21 18:53:08,872 [Worker-43: Building] WARN  o.e.m.c.i.embedder.EclipseLogger - Using platform encoding (Cp1250 actually) to copy filtered resources, i.e. build is platform dependent!
2020-12-21 18:53:08,880 [Worker-43: Building] INFO  o.e.m.c.i.embedder.EclipseLogger - Copying 0 resource
2020-12-21 18:53:27,876 [Worker-40: Building] WARN  o.e.m.c.i.embedder.EclipseLogger - Using platform encoding (Cp1250 actually) to copy filtered resources, i.e. build is platform dependent!
2020-12-21 18:53:27,881 [Worker-40: Building] INFO  o.e.m.c.i.embedder.EclipseLogger - Copying 1 resource
2020-12-21 18:53:27,883 [Worker-40: Building] WARN  o.e.m.c.i.embedder.EclipseLogger - Using platform encoding (Cp1250 actually) to copy filtered resources, i.e. build is platform dependent!
2020-12-21 18:53:27,887 [Worker-40: Building] INFO  o.e.m.c.i.embedder.EclipseLogger - Copying 0 resource
2020-12-21 18:53:36,496 [Worker-42: Building] WARN  o.e.m.c.i.embedder.EclipseLogger - Using platform encoding (Cp1250 actually) to copy filtered resources, i.e. build is platform dependent!
2020-12-21 18:53:36,501 [Worker-42: Building] INFO  o.e.m.c.i.embedder.EclipseLogger - Copying 0 resource
2020-12-21 18:53:36,502 [Worker-42: Building] WARN  o.e.m.c.i.embedder.EclipseLogger - Using platform encoding (Cp1250 actually) to copy filtered resources, i.e. build is platform dependent!
2020-12-21 18:53:36,510 [Worker-42: Building] INFO  o.e.m.c.i.embedder.EclipseLogger - Copying 0 resource
2020-12-21 18:56:15,144 [Worker-6: Loading available Gradle versions] INFO  o.e.b.c.i.u.g.PublishedGradleVersions - Gradle version information cache is up-to-date. Trying to read.
2020-12-21 18:58:05,445 [Worker-0: Loading available Gradle versions] INFO  o.e.b.c.i.u.g.PublishedGradleVersions - Gradle version information cache is up-to-date. Trying to read.
2020-12-21 18:58:26,509 [Worker-21: Building] WARN  o.e.m.c.i.embedder.EclipseLogger - Using platform encoding (Cp1250 actually) to copy filtered resources, i.e. build is platform dependent!
2020-12-21 18:58:26,519 [Worker-21: Building] INFO  o.e.m.c.i.embedder.EclipseLogger - Copying 2 resources
2020-12-21 18:58:26,532 [Worker-21: Building] WARN  o.e.m.c.i.embedder.EclipseLogger - Using platform encoding (Cp1250 actually) to copy filtered resources, i.e. build is platform dependent!
2020-12-21 18:58:26,541 [Worker-21: Building] INFO  o.e.m.c.i.embedder.EclipseLogger - Copying 0 resource
2020-12-21 19:00:56,739 [Worker-19: Building] WARN  o.e.m.c.i.embedder.EclipseLogger - Using platform encoding (Cp1250 actually) to copy filtered resources, i.e. build is platform dependent!
2020-12-21 19:00:56,749 [Worker-19: Building] INFO  o.e.m.c.i.embedder.EclipseLogger - Copying 1 resource
2020-12-21 19:00:56,752 [Worker-19: Building] WARN  o.e.m.c.i.embedder.EclipseLogger - Using platform encoding (Cp1250 actually) to copy filtered resources, i.e. build is platform dependent!
2020-12-21 19:00:56,756 [Worker-19: Building] INFO  o.e.m.c.i.embedder.EclipseLogger - Copying 0 resource
2020-12-21 19:02:01,468 [Worker-27: Building] WARN  o.e.m.c.i.embedder.EclipseLogger - Using platform encoding (Cp1250 actually) to copy filtered resources, i.e. build is platform dependent!
2020-12-21 19:02:01,476 [Worker-27: Building] INFO  o.e.m.c.i.embedder.EclipseLogger - Copying 1 resource
2020-12-21 19:02:01,479 [Worker-27: Building] WARN  o.e.m.c.i.embedder.EclipseLogger - Using platform encoding (Cp1250 actually) to copy filtered resources, i.e. build is platform dependent!
2020-12-21 19:02:01,484 [Worker-27: Building] INFO  o.e.m.c.i.embedder.EclipseLogger - Copying 0 resource
2020-12-21 19:02:13,786 [Worker-24: Updating Maven Project] INFO  o.e.m.c.i.p.ProjectConfigurationManager - Update started
2020-12-21 19:02:14,560 [Worker-24: Updating Maven Project] INFO  o.e.m.c.i.l.LifecycleMappingFactory - Using org.eclipse.m2e.jdt.JarLifecycleMapping lifecycle mapping for MavenProject: bdbt_proj:DomKultury:0.0.1-SNAPSHOT @ D:\semestr3\bazy\proj\projJava\DomKultury\pom.xml.
2020-12-21 19:02:14,899 [Worker-24: Updating Maven Project] INFO  o.e.m.j.i.AbstractJavaProjectConfigurator - Adding source folder /DomKultury/src/main/java
2020-12-21 19:02:14,899 [Worker-24: Updating Maven Project] INFO  o.e.m.j.i.AbstractJavaProjectConfigurator - Adding resource folder /DomKultury/src/main/resources
2020-12-21 19:02:14,899 [Worker-24: Updating Maven Project] INFO  o.e.m.j.i.AbstractJavaProjectConfigurator - Adding source folder /DomKultury/src/test/java
2020-12-21 19:02:14,900 [Worker-24: Updating Maven Project] INFO  o.e.m.j.i.AbstractJavaProjectConfigurator - Adding resource folder /DomKultury/src/test/resources
2020-12-21 19:02:15,229 [Worker-24: Updating Maven Project] INFO  o.e.m.c.i.p.ProjectConfigurationManager - Update completed: 1 sec
2020-12-21 19:02:15,729 [Worker-24: Building] WARN  o.e.m.c.i.embedder.EclipseLogger - Using platform encoding (Cp1250 actually) to copy filtered resources, i.e. build is platform dependent!
2020-12-21 19:02:15,741 [Worker-24: Building] INFO  o.e.m.c.i.embedder.EclipseLogger - Copying 2 resources
2020-12-21 19:02:15,756 [Worker-24: Building] WARN  o.e.m.c.i.embedder.EclipseLogger - Using platform encoding (Cp1250 actually) to copy filtered resources, i.e. build is platform dependent!
2020-12-21 19:02:15,765 [Worker-24: Building] INFO  o.e.m.c.i.embedder.EclipseLogger - Copying 0 resource
2020-12-21 19:02:34,871 [Worker-16: Building] WARN  o.e.m.c.i.embedder.EclipseLogger - Using platform encoding (Cp1250 actually) to copy filtered resources, i.e. build is platform dependent!
2020-12-21 19:02:34,889 [Worker-16: Building] INFO  o.e.m.c.i.embedder.EclipseLogger - Copying 2 resources
2020-12-21 19:02:34,896 [Worker-16: Building] WARN  o.e.m.c.i.embedder.EclipseLogger - Using platform encoding (Cp1250 actually) to copy filtered resources, i.e. build is platform dependent!
2020-12-21 19:02:34,909 [Worker-16: Building] INFO  o.e.m.c.i.embedder.EclipseLogger - Copying 0 resource
2020-12-21 19:02:37,189 [Worker-7: Building] WARN  o.e.m.c.i.embedder.EclipseLogger - Using platform encoding (Cp1250 actually) to copy filtered resources, i.e. build is platform dependent!
2020-12-21 19:02:37,199 [Worker-7: Building] INFO  o.e.m.c.i.embedder.EclipseLogger - Copying 2 resources
2020-12-21 19:02:37,211 [Worker-7: Building] WARN  o.e.m.c.i.embedder.EclipseLogger - Using platform encoding (Cp1250 actually) to copy filtered resources, i.e. build is platform dependent!
2020-12-21 19:02:37,226 [Worker-7: Building] INFO  o.e.m.c.i.embedder.EclipseLogger - Copying 0 resource
2020-12-21 19:06:21,835 [Worker-10: Building] WARN  o.e.m.c.i.embedder.EclipseLogger - Using platform encoding (Cp1250 actually) to copy filtered resources, i.e. build is platform dependent!
2020-12-21 19:06:21,844 [Worker-10: Building] INFO  o.e.m.c.i.embedder.EclipseLogger - Copying 1 resource
2020-12-21 19:06:21,846 [Worker-10: Building] WARN  o.e.m.c.i.embedder.EclipseLogger - Using platform encoding (Cp1250 actually) to copy filtered resources, i.e. build is platform dependent!
2020-12-21 19:06:21,852 [Worker-10: Building] INFO  o.e.m.c.i.embedder.EclipseLogger - Copying 0 resource
2020-12-21 19:07:52,055 [Worker-25: Building] WARN  o.e.m.c.i.embedder.EclipseLogger - Using platform encoding (Cp1250 actually) to copy filtered resources, i.e. build is platform dependent!
2020-12-21 19:07:52,061 [Worker-25: Building] INFO  o.e.m.c.i.embedder.EclipseLogger - Copying 1 resource
2020-12-21 19:07:52,064 [Worker-25: Building] WARN  o.e.m.c.i.embedder.EclipseLogger - Using platform encoding (Cp1250 actually) to copy filtered resources, i.e. build is platform dependent!
2020-12-21 19:07:52,070 [Worker-25: Building] INFO  o.e.m.c.i.embedder.EclipseLogger - Copying 0 resource
2020-12-21 19:11:08,777 [Worker-2: Building] WARN  o.e.m.c.i.embedder.EclipseLogger - Using platform encoding (Cp1250 actually) to copy filtered resources, i.e. build is platform dependent!
2020-12-21 19:11:08,782 [Worker-2: Building] INFO  o.e.m.c.i.embedder.EclipseLogger - Copying 1 resource
2020-12-21 19:11:08,786 [Worker-2: Building] WARN  o.e.m.c.i.embedder.EclipseLogger - Using platform encoding (Cp1250 actually) to copy filtered resources, i.e. build is platform dependent!
2020-12-21 19:11:08,791 [Worker-2: Building] INFO  o.e.m.c.i.embedder.EclipseLogger - Copying 0 resource
2020-12-21 19:11:19,987 [Worker-2: Building] WARN  o.e.m.c.i.embedder.EclipseLogger - Using platform encoding (Cp1250 actually) to copy filtered resources, i.e. build is platform dependent!
2020-12-21 19:11:19,992 [Worker-2: Building] INFO  o.e.m.c.i.embedder.EclipseLogger - Copying 1 resource
2020-12-21 19:11:19,994 [Worker-2: Building] WARN  o.e.m.c.i.embedder.EclipseLogger - Using platform encoding (Cp1250 actually) to copy filtered resources, i.e. build is platform dependent!
2020-12-21 19:11:19,999 [Worker-2: Building] INFO  o.e.m.c.i.embedder.EclipseLogger - Copying 0 resource
2020-12-21 19:13:06,401 [Worker-11: Building] WARN  o.e.m.c.i.embedder.EclipseLogger - Using platform encoding (Cp1250 actually) to copy filtered resources, i.e. build is platform dependent!
2020-12-21 19:13:06,409 [Worker-11: Building] INFO  o.e.m.c.i.embedder.EclipseLogger - Copying 1 resource
2020-12-21 19:13:06,412 [Worker-11: Building] WARN  o.e.m.c.i.embedder.EclipseLogger - Using platform encoding (Cp1250 actually) to copy filtered resources, i.e. build is platform dependent!
2020-12-21 19:13:06,416 [Worker-11: Building] INFO  o.e.m.c.i.embedder.EclipseLogger - Copying 0 resource
